#
# A fatal error has been detected by the Java Runtime Environment:
#
#  EXCEPTION_ACCESS_VIOLATION (0xc0000005) at pc=0x5f281bab, pid=12512, tid=13652
#
# JRE version: 7.0_09-b05
# Java VM: Java HotSpot(TM) Client VM (23.5-b02 mixed mode windows-x86 )
# Problematic frame:
# V  [jvm.dll+0xc1bab]
#
# Failed to write core dump. Minidumps are not enabled by default on client versions of Windows
#
# If you would like to submit a bug report, please visit:
#   http://bugreport.sun.com/bugreport/crash.jsp
#

---------------  T H R E A D  ---------------

Current thread (0x18489c00):  JavaThread "JDWP Transport Listener: dt_socket" daemon [_thread_in_vm, id=13652, stack(0x18e20000,0x18e70000)]

siginfo: ExceptionCode=0xc0000005, reading address 0x003b7061

Registers:
EAX=0x003b7061, EBX=0x00000000, ECX=0x003b7061, EDX=0x00000000
ESP=0x18e6f30c, EBP=0x18e6f310, ESI=0x18489c00, EDI=0x022880b8
EIP=0x5f281bab, EFLAGS=0x00010202

Top of Stack: (sp=0x18e6f30c)
0x18e6f30c:   18489c00 18e6f33c 5f3a5b2a 003b7061
0x18e6f31c:   18e6f3f4 18e6f377 18489c00 00000000
0x18e6f32c:   00000000 00000000 18489c00 18489c00
0x18e6f33c:   18e6f378 66179d5c 022880b8 003b7061
0x18e6f34c:   18e6f377 003b7061 6616436d 003b7061
0x18e6f35c:   18e6f377 00000003 00000000 00000000
0x18e6f36c:   00000009 00000000 00434c80 18e6f398
0x18e6f37c:   661644e0 00000001 18e6f3b4 18e6f3f0 

Instructions: (pc=0x5f281bab)
0x5f281b8b:   0c 5f 5e 5d c2 0c 00 cc cc cc cc cc cc cc cc cc
0x5f281b9b:   cc cc cc cc cc 55 8b ec 8b 45 08 56 85 c0 74 28
0x5f281bab:   8b 30 85 f6 74 22 81 fe fe fe fe fe 74 1a 8b 4e
0x5f281bbb:   04 8b 41 08 8b 90 90 00 00 00 83 c1 08 ff d2 84 


Register to memory mapping:

EAX=0x003b7061 is an unknown value
EBX=0x00000000 is an unknown value
ECX=0x003b7061 is an unknown value
EDX=0x00000000 is an unknown value
ESP=0x18e6f30c is pointing into the stack for thread: 0x18489c00
EBP=0x18e6f310 is pointing into the stack for thread: 0x18489c00
ESI=0x18489c00 is a thread
EDI=0x022880b8 is an unknown value


Stack: [0x18e20000,0x18e70000],  sp=0x18e6f30c,  free space=316k
Native frames: (J=compiled Java code, j=interpreted, Vv=VM code, C=native code)
V  [jvm.dll+0xc1bab]
V  [jvm.dll+0x1e5b2a]
C  [jdwp.dll+0x19d5c]  Agent_OnLoad+0xe9ef
C  [jdwp.dll+0x44e0]
C  [jdwp.dll+0x451e]


---------------  P R O C E S S  ---------------

Java Threads: ( => current thread )
  0x184abc00 JavaThread "Service Thread" daemon [_thread_blocked, id=14184, stack(0x19380000,0x193d0000)]
  0x184a7c00 JavaThread "C1 CompilerThread0" daemon [_thread_blocked, id=14124, stack(0x194c0000,0x19510000)]
  0x18498c00 JavaThread "JDWP Command Reader" daemon [_thread_in_native, id=14084, stack(0x19430000,0x19480000)]
  0x18494000 JavaThread "JDWP Event Helper Thread" daemon [_thread_blocked, id=13684, stack(0x19200000,0x19250000)]
=>0x18489c00 JavaThread "JDWP Transport Listener: dt_socket" daemon [_thread_in_vm, id=13652, stack(0x18e20000,0x18e70000)]
  0x18483400 JavaThread "Attach Listener" daemon [_thread_blocked, id=12848, stack(0x18750000,0x187a0000)]
  0x18480000 JavaThread "Signal Dispatcher" daemon [_thread_blocked, id=14176, stack(0x18b00000,0x18b50000)]
  0x1842d000 JavaThread "Finalizer" daemon [_thread_blocked, id=13244, stack(0x189b0000,0x18a00000)]
  0x18427c00 JavaThread "Reference Handler" daemon [_thread_blocked, id=14312, stack(0x187a0000,0x187f0000)]
  0x007cb400 JavaThread "main" [_thread_blocked, id=13592, stack(0x02200000,0x02250000)]

Other Threads:
  0x1841dc00 VMThread [stack: 0x18820000,0x18870000] [id=13420]
  0x184b5000 WatcherThread [stack: 0x19660000,0x196b0000] [id=11808]

VM state:not at safepoint (normal execution)

VM Mutex/Monitor currently owned by a thread: None

Heap
 def new generation   total 4928K, used 554K [0x04350000, 0x048a0000, 0x098a0000)
  eden space 4416K,  12% used [0x04350000, 0x043daaa8, 0x047a0000)
  from space 512K,   0% used [0x047a0000, 0x047a0000, 0x04820000)
  to   space 512K,   0% used [0x04820000, 0x04820000, 0x048a0000)
 tenured generation   total 10944K, used 0K [0x098a0000, 0x0a350000, 0x14350000)
   the space 10944K,   0% used [0x098a0000, 0x098a0000, 0x098a0200, 0x0a350000)
 compacting perm gen  total 12288K, used 1626K [0x14350000, 0x14f50000, 0x18350000)
   the space 12288K,  13% used [0x14350000, 0x144e6a08, 0x144e6c00, 0x14f50000)
No shared spaces configured.

Card table byte_map: [0x18350000,0x18400000] byte_map_base: 0x1832e580

Polling page: 0x00140000

Code Cache  [0x02350000, 0x023e8000, 0x04350000)
 total_blobs=123 nmethods=4 adapters=63 free_code_cache=32190Kb largest_free_block=32963456

Compilation events (8 events):
Event: 0.102 Thread 0x184a7c00    1             java.lang.String::charAt (29 bytes)
Event: 0.103 Thread 0x184a7c00 nmethod 1 0x023df848 code [0x023df960, 0x023dfa9c]
Event: 0.104 Thread 0x184a7c00    2             java.lang.String::hashCode (55 bytes)
Event: 0.105 Thread 0x184a7c00 nmethod 2 0x023dfbc8 code [0x023dfcc0, 0x023dfda0]
Event: 0.105 Thread 0x184a7c00    3             java.lang.String::indexOf (70 bytes)
Event: 0.105 Thread 0x184a7c00 nmethod 3 0x023dfec8 code [0x023dffe0, 0x023e012c]
Event: 2.930 Thread 0x184a7c00    4             java.lang.Object::<init> (1 bytes)
Event: 2.930 Thread 0x184a7c00 nmethod 4 0x023e0288 code [0x023e0380, 0x023e0410]

GC Heap History (0 events):
No events

Deoptimization events (0 events):
No events

Internal exceptions (3 events):
Event: 0.027 Thread 0x007cb400 Threw 0x04356060 at C:\jdk7u1_32P\jdk7u9_3984_new\hotspot\src\share\vm\prims\jni.cpp:3994
Event: 0.105 Thread 0x007cb400 Threw 0x043b1ef0 at C:\jdk7u1_32P\jdk7u9_3984_new\hotspot\src\share\vm\prims\jvm.cpp:1166
Event: 0.113 Thread 0x007cb400 Threw 0x043b73d8 at C:\jdk7u1_32P\jdk7u9_3984_new\hotspot\src\share\vm\prims\jvm.cpp:1166

Events (10 events):
Event: 2024.882 Executing VM operation: GetCurrentLocation
Event: 2024.882 Executing VM operation: GetCurrentLocation done
Event: 2024.882 Executing VM operation: EnterInterpOnlyMode
Event: 2024.882 Executing VM operation: EnterInterpOnlyMode done
Event: 2024.882 Executing VM operation: ChangeSingleStep
Event: 2024.882 Executing VM operation: ChangeSingleStep done
Event: 2024.882 Executing VM operation: ChangeSingleStep
Event: 2024.882 Executing VM operation: ChangeSingleStep done
Event: 2024.884 Executing VM operation: RedefineClasses
Event: 2024.885 Executing VM operation: RedefineClasses done


Dynamic libraries:
0x00be0000 - 0x00c0f000 	F:\PortableApps\CommonFiles\Java\bin\javaw.exe
0x778f0000 - 0x77a70000 	C:\Windows\SysWOW64\ntdll.dll
0x75700000 - 0x75810000 	C:\Windows\syswow64\kernel32.dll
0x76dd0000 - 0x76e16000 	C:\Windows\syswow64\KERNELBASE.dll
0x75210000 - 0x752b0000 	C:\Windows\syswow64\ADVAPI32.dll
0x753f0000 - 0x7549c000 	C:\Windows\syswow64\msvcrt.dll
0x75a00000 - 0x75a19000 	C:\Windows\SysWOW64\sechost.dll
0x75610000 - 0x75700000 	C:\Windows\syswow64\RPCRT4.dll
0x74fd0000 - 0x75030000 	C:\Windows\syswow64\SspiCli.dll
0x74fc0000 - 0x74fcc000 	C:\Windows\syswow64\CRYPTBASE.dll
0x750c0000 - 0x751c0000 	C:\Windows\syswow64\USER32.dll
0x76f40000 - 0x76fd0000 	C:\Windows\syswow64\GDI32.dll
0x778c0000 - 0x778ca000 	C:\Windows\syswow64\LPK.dll
0x75a20000 - 0x75abd000 	C:\Windows\syswow64\USP10.dll
0x72cc0000 - 0x72e5e000 	C:\Windows\WinSxS\x86_microsoft.windows.common-controls_6595b64144ccf1df_6.0.7601.17514_none_41e6975e2bd6f2b2\COMCTL32.dll
0x75960000 - 0x759b7000 	C:\Windows\syswow64\SHLWAPI.dll
0x75c60000 - 0x75cc0000 	C:\Windows\system32\IMM32.DLL
0x75540000 - 0x7560c000 	C:\Windows\syswow64\MSCTF.dll
0x62640000 - 0x626fe000 	F:\PortableApps\CommonFiles\Java\bin\msvcr100.dll
0x5f1c0000 - 0x5f50d000 	F:\PortableApps\CommonFiles\Java\bin\client\jvm.dll
0x72640000 - 0x72647000 	C:\Windows\system32\WSOCK32.dll
0x759c0000 - 0x759f5000 	C:\Windows\syswow64\WS2_32.dll
0x75cc0000 - 0x75cc6000 	C:\Windows\syswow64\NSI.dll
0x70b00000 - 0x70b32000 	C:\Windows\system32\WINMM.dll
0x75cd0000 - 0x75cd5000 	C:\Windows\syswow64\PSAPI.DLL
0x67840000 - 0x6784c000 	F:\PortableApps\CommonFiles\Java\bin\verify.dll
0x67800000 - 0x67820000 	F:\PortableApps\CommonFiles\Java\bin\java.dll
0x66160000 - 0x6618a000 	F:\PortableApps\CommonFiles\Java\bin\jdwp.dll
0x67850000 - 0x67857000 	F:\PortableApps\CommonFiles\Java\bin\npt.dll
0x67820000 - 0x67833000 	F:\PortableApps\CommonFiles\Java\bin\zip.dll
0x66150000 - 0x66158000 	F:\PortableApps\CommonFiles\Java\bin\dt_socket.dll
0x738e0000 - 0x738f0000 	C:\Windows\system32\NLAapi.dll
0x73a10000 - 0x73a20000 	C:\Windows\system32\napinsp.dll
0x738f0000 - 0x73902000 	C:\Windows\system32\pnrpnsp.dll
0x74a30000 - 0x74a6c000 	C:\Windows\System32\mswsock.dll
0x6b9c0000 - 0x6ba04000 	C:\Windows\system32\DNSAPI.dll
0x5e670000 - 0x5e678000 	C:\Windows\System32\winrnr.dll
0x732c0000 - 0x732dc000 	C:\Windows\system32\IPHLPAPI.DLL
0x749d0000 - 0x749d7000 	C:\Windows\system32\WINNSI.DLL
0x73270000 - 0x732a8000 	C:\Windows\System32\fwpuclnt.dll
0x6b7d0000 - 0x6b7d6000 	C:\Windows\system32\rasadhlp.dll
0x74a20000 - 0x74a25000 	C:\Windows\System32\wshtcpip.dll
0x74a70000 - 0x74b5b000 	C:\Windows\system32\dbghelp.dll

VM Arguments:
jvm_args: -agentlib:jdwp=transport=dt_socket,suspend=y,address=localhost:1697 -Dfile.encoding=Cp1252 
java_command: Det
Launcher Type: SUN_STANDARD

Environment Variables:
PATH=C:\Program Files (x86)\AMD APP\bin\x86_64;C:\Program Files (x86)\AMD APP\bin\x86;C:\Windows\system32;C:\Windows;C:\Windows\System32\Wbem;C:\Windows\System32\WindowsPowerShell\v1.0\;C:\Program Files (x86)\ATI Technologies\ATI.ACE\Core-Static;C:\Program Files\Microsoft\Web Platform Installer\;C:\Program Files (x86)\Microsoft ASP.NET\ASP.NET Web Pages\v1.0\;C:\Program Files (x86)\Windows Kits\8.0\Windows Performance Toolkit\;C:\Program Files\Microsoft SQL Server\110\Tools\Binn\;C:\Program Files (x86)\Microsoft SQL Server\100\Tools\Binn\;C:\Program Files\Microsoft SQL Server\100\Tools\Binn\;C:\Program Files\Microsoft SQL Server\100\DTS\Binn\
USERNAME=Tobsic
OS=Windows_NT
PROCESSOR_IDENTIFIER=AMD64 Family 21 Model 1 Stepping 2, AuthenticAMD



---------------  S Y S T E M  ---------------

OS: Windows 7 , 64 bit Build 7601 Service Pack 1

CPU:total 8 (8 cores per cpu, 1 threads per core) family 21 model 1 stepping 2, cmov, cx8, fxsr, mmx, sse, sse2, sse3, ssse3, sse4.1, sse4.2, popcnt, avx, mmxext, 3dnowpref, lzcnt, sse4a, tsc, tscinvbit, tscinv

Memory: 4k page, physical 8385756k(5251220k free), swap 16769664k(12617868k free)

vm_info: Java HotSpot(TM) Client VM (23.5-b02) for windows-x86 JRE (1.7.0_09-b05), built on Sep 24 2012 22:01:33 by "java_re" with unknown MS VC++:1600

time: Wed Apr 17 17:58:03 2013
elapsed time: 2024 seconds

